<?xml version="1.0" encoding="UTF-8"?>
<!-- Generated by org.testng.reporters.JUnitXMLReporter -->
<testsuite ignored="0" hostname="LGDN14622-w7" failures="1" tests="1" name="Google Test" time="10.071" errors="0" timestamp="2022-06-24T09:01:53 ICT">
  <testcase classname="TestCases.TC1" name="TC1" time="6.013">
    <failure type="java.lang.AssertionError" message="expected [The title of story in section should contains &amp;apos;The Beatles&amp;apos; word] but found [false]">
      <![CDATA[java.lang.AssertionError: expected [The title of story in section should contains 'The Beatles' word] but found [false]
at TestCases.TC1.TC1(TC1.java:39)
at java.base/java.util.ArrayList.forEach(ArrayList.java:1511)
at com.intellij.rt.testng.IDEARemoteTestNG.run(IDEARemoteTestNG.java:66)
at com.intellij.rt.testng.RemoteTestNGStarter.main(RemoteTestNGStarter.java:109)
... Removed 27 stack frames]]>
    </failure>
  </testcase> <!-- TC1 -->
</testsuite> <!-- Google Test -->
